<?xml version="1.0" encoding="UTF-8"?>
<!-- Generated by org.testng.reporters.JUnitXMLReporter -->
<testsuite hostname="SLPUN-LT-0147" ignored="0" name="HomepageTest" tests="2" failures="1" timestamp="13 Mar 2019 07:33:58 GMT" time="24.842" errors="0">
  <testcase name="homePageNavigation" time="14.007" classname="com.testAutomation.TestAutomation.Homepage"/>
  <testcase name="homePageNavigation" time="7.494" classname="com.testAutomation.TestAutomation.Homepage">
    <failure type="java.lang.AssertionError" message="expected [false] but found [true]">
      <![CDATA[java.lang.AssertionError: expected [false] but found [true]
at com.testAutomation.TestAutomation.Homepage.homePageNavigation(Homepage.java:45)
... Removed 29 stack frames]]>
    </failure>
  </testcase> <!-- homePageNavigation -->
</testsuite> <!-- HomepageTest -->
