<?xml version="1.0" encoding="UTF-8"?>
<testng-results skipped="0" failed="1" ignored="0" total="3" passed="2">
  <reporter-output>
  </reporter-output>
  <suite name="Suite" duration-ms="44611" started-at="2019-03-13T10:20:11Z" finished-at="2019-03-13T10:20:56Z">
    <groups>
    </groups>
    <test name="ValidateHomepageTest" duration-ms="8971" started-at="2019-03-13T10:20:11Z" finished-at="2019-03-13T10:20:20Z">
      <class name="com.testAutomation.TestAutomation.ValidateHomepage">
        <test-method status="PASS" signature="initializeTest()[pri:0, instance:com.testAutomation.TestAutomation.ValidateHomepage@6e171cd7]" name="initializeTest" is-config="true" duration-ms="4905" started-at="2019-03-13T10:20:11Z" finished-at="2019-03-13T10:20:16Z">
          <reporter-output>
          </reporter-output>
        </test-method> <!-- initializeTest -->
        <test-method status="PASS" signature="validateHomePage()[pri:0, instance:com.testAutomation.TestAutomation.ValidateHomepage@6e171cd7]" name="validateHomePage" duration-ms="3898" started-at="2019-03-13T10:20:16Z" finished-at="2019-03-13T10:20:20Z">
          <reporter-output>
          </reporter-output>
        </test-method> <!-- validateHomePage -->
        <test-method status="PASS" signature="terminateDriver()[pri:0, instance:com.testAutomation.TestAutomation.ValidateHomepage@6e171cd7]" name="terminateDriver" is-config="true" duration-ms="137" started-at="2019-03-13T10:20:20Z" finished-at="2019-03-13T10:20:20Z">
          <reporter-output>
          </reporter-output>
        </test-method> <!-- terminateDriver -->
      </class> <!-- com.testAutomation.TestAutomation.ValidateHomepage -->
    </test> <!-- ValidateHomepageTest -->
    <test name="HomepageTest" duration-ms="35617" started-at="2019-03-13T10:20:20Z" finished-at="2019-03-13T10:20:56Z">
      <class name="com.testAutomation.TestAutomation.Homepage">
        <test-method status="PASS" signature="initializeTest()[pri:0, instance:com.testAutomation.TestAutomation.Homepage@2e005c4b]" name="initializeTest" is-config="true" duration-ms="3100" started-at="2019-03-13T10:20:20Z" finished-at="2019-03-13T10:20:23Z">
          <reporter-output>
          </reporter-output>
        </test-method> <!-- initializeTest -->
        <test-method status="PASS" signature="homePageNavigation(java.lang.String, java.lang.String)[pri:0, instance:com.testAutomation.TestAutomation.Homepage@2e005c4b]" name="homePageNavigation" duration-ms="22969" started-at="2019-03-13T10:20:23Z" data-provider="getData" finished-at="2019-03-13T10:20:46Z">
          <params>
            <param index="0">
              <value>
                <![CDATA[md.ahirrao@gmail.com]]>
              </value>
            </param>
            <param index="1">
              <value>
                <![CDATA[Mayur3108]]>
              </value>
            </param>
          </params>
          <reporter-output>
          </reporter-output>
        </test-method> <!-- homePageNavigation -->
        <test-method status="FAIL" signature="homePageNavigation(java.lang.String, java.lang.String)[pri:0, instance:com.testAutomation.TestAutomation.Homepage@2e005c4b]" name="homePageNavigation" duration-ms="9023" started-at="2019-03-13T10:20:46Z" data-provider="getData" finished-at="2019-03-13T10:20:55Z">
          <params>
            <param index="0">
              <value>
                <![CDATA[abc@gmail.com]]>
              </value>
            </param>
            <param index="1">
              <value>
                <![CDATA[def]]>
              </value>
            </param>
          </params>
          <exception class="java.lang.AssertionError">
            <message>
              <![CDATA[expected [false] but found [true]]]>
            </message>
            <full-stacktrace>
              <![CDATA[java.lang.AssertionError: expected [false] but found [true]
at org.testng.Assert.fail(Assert.java:96)
at org.testng.Assert.failNotEquals(Assert.java:776)
at org.testng.Assert.assertFalse(Assert.java:65)
at org.testng.Assert.assertFalse(Assert.java:75)
at com.testAutomation.TestAutomation.Homepage.homePageNavigation(Homepage.java:45)
at sun.reflect.NativeMethodAccessorImpl.invoke0(Native Method)
at sun.reflect.NativeMethodAccessorImpl.invoke(NativeMethodAccessorImpl.java:62)
at sun.reflect.DelegatingMethodAccessorImpl.invoke(DelegatingMethodAccessorImpl.java:43)
at java.lang.reflect.Method.invoke(Method.java:498)
at org.testng.internal.MethodInvocationHelper.invokeMethod(MethodInvocationHelper.java:124)
at org.testng.internal.Invoker.invokeMethod(Invoker.java:583)
at org.testng.internal.Invoker.invokeTestMethod(Invoker.java:719)
at org.testng.internal.Invoker.invokeTestMethods(Invoker.java:989)
at org.testng.internal.TestMethodWorker.invokeTestMethods(TestMethodWorker.java:125)
at org.testng.internal.TestMethodWorker.run(TestMethodWorker.java:109)
at org.testng.TestRunner.privateRun(TestRunner.java:648)
at org.testng.TestRunner.run(TestRunner.java:505)
at org.testng.SuiteRunner.runTest(SuiteRunner.java:455)
at org.testng.SuiteRunner.runSequentially(SuiteRunner.java:450)
at org.testng.SuiteRunner.privateRun(SuiteRunner.java:415)
at org.testng.SuiteRunner.run(SuiteRunner.java:364)
at org.testng.SuiteRunnerWorker.runSuite(SuiteRunnerWorker.java:52)
at org.testng.SuiteRunnerWorker.run(SuiteRunnerWorker.java:84)
at org.testng.TestNG.runSuitesSequentially(TestNG.java:1208)
at org.testng.TestNG.runSuitesLocally(TestNG.java:1137)
at org.testng.TestNG.runSuites(TestNG.java:1049)
at org.testng.TestNG.run(TestNG.java:1017)
at org.apache.maven.surefire.testng.TestNGExecutor.run(TestNGExecutor.java:283)
at org.apache.maven.surefire.testng.TestNGXmlTestSuite.execute(TestNGXmlTestSuite.java:75)
at org.apache.maven.surefire.testng.TestNGProvider.invoke(TestNGProvider.java:120)
at org.apache.maven.surefire.booter.ForkedBooter.invokeProviderInSameClassLoader(ForkedBooter.java:384)
at org.apache.maven.surefire.booter.ForkedBooter.runSuitesInProcess(ForkedBooter.java:345)
at org.apache.maven.surefire.booter.ForkedBooter.execute(ForkedBooter.java:126)
at org.apache.maven.surefire.booter.ForkedBooter.main(ForkedBooter.java:418)
]]>
            </full-stacktrace>
          </exception> <!-- java.lang.AssertionError -->
          <reporter-output>
          </reporter-output>
        </test-method> <!-- homePageNavigation -->
        <test-method status="PASS" signature="terminateDriver()[pri:0, instance:com.testAutomation.TestAutomation.Homepage@2e005c4b]" name="terminateDriver" is-config="true" duration-ms="169" started-at="2019-03-13T10:20:56Z" finished-at="2019-03-13T10:20:56Z">
          <reporter-output>
          </reporter-output>
        </test-method> <!-- terminateDriver -->
      </class> <!-- com.testAutomation.TestAutomation.Homepage -->
    </test> <!-- HomepageTest -->
  </suite> <!-- Suite -->
</testng-results>
