<?xml version="1.0" encoding="UTF-8"?>
<testng-results skipped="0" failed="1" ignored="0" total="3" passed="2">
  <reporter-output>
  </reporter-output>
  <suite name="Suite" duration-ms="31971" started-at="2019-03-13T07:33:26Z" finished-at="2019-03-13T07:33:58Z">
    <groups>
    </groups>
    <test name="ValidateHomepageTest" duration-ms="7110" started-at="2019-03-13T07:33:26Z" finished-at="2019-03-13T07:33:33Z">
      <class name="com.testAutomation.TestAutomation.ValidateHomepage">
        <test-method status="PASS" signature="initializeTest()[pri:0, instance:com.testAutomation.TestAutomation.ValidateHomepage@77fbd92c]" name="initializeTest" is-config="true" duration-ms="3957" started-at="2019-03-13T07:33:26Z" finished-at="2019-03-13T07:33:30Z">
          <reporter-output>
          </reporter-output>
        </test-method> <!-- initializeTest -->
        <test-method status="PASS" signature="validateHomePage()[pri:0, instance:com.testAutomation.TestAutomation.ValidateHomepage@77fbd92c]" name="validateHomePage" duration-ms="3012" started-at="2019-03-13T07:33:30Z" finished-at="2019-03-13T07:33:33Z">
          <reporter-output>
          </reporter-output>
        </test-method> <!-- validateHomePage -->
        <test-method status="PASS" signature="terminateDriver()[pri:0, instance:com.testAutomation.TestAutomation.ValidateHomepage@77fbd92c]" name="terminateDriver" is-config="true" duration-ms="119" started-at="2019-03-13T07:33:33Z" finished-at="2019-03-13T07:33:33Z">
          <reporter-output>
          </reporter-output>
        </test-method> <!-- terminateDriver -->
      </class> <!-- com.testAutomation.TestAutomation.ValidateHomepage -->
    </test> <!-- ValidateHomepageTest -->
    <test name="HomepageTest" duration-ms="24842" started-at="2019-03-13T07:33:33Z" finished-at="2019-03-13T07:33:58Z">
      <class name="com.testAutomation.TestAutomation.Homepage">
        <test-method status="PASS" signature="initializeTest()[pri:0, instance:com.testAutomation.TestAutomation.Homepage@459e9125]" name="initializeTest" is-config="true" duration-ms="2932" started-at="2019-03-13T07:33:33Z" finished-at="2019-03-13T07:33:36Z">
          <reporter-output>
          </reporter-output>
        </test-method> <!-- initializeTest -->
        <test-method status="PASS" signature="homePageNavigation(java.lang.String, java.lang.String)[pri:0, instance:com.testAutomation.TestAutomation.Homepage@459e9125]" name="homePageNavigation" duration-ms="14007" started-at="2019-03-13T07:33:36Z" data-provider="getData" finished-at="2019-03-13T07:33:50Z">
          <params>
            <param index="0">
              <value>
                <![CDATA[md.ahirrao@gmail.com]]>
              </value>
            </param>
            <param index="1">
              <value>
                <![CDATA[Mayur3108]]>
              </value>
            </param>
          </params>
          <reporter-output>
          </reporter-output>
        </test-method> <!-- homePageNavigation -->
        <test-method status="FAIL" signature="homePageNavigation(java.lang.String, java.lang.String)[pri:0, instance:com.testAutomation.TestAutomation.Homepage@459e9125]" name="homePageNavigation" duration-ms="7494" started-at="2019-03-13T07:33:50Z" data-provider="getData" finished-at="2019-03-13T07:33:58Z">
          <params>
            <param index="0">
              <value>
                <![CDATA[abc@gmail.com]]>
              </value>
            </param>
            <param index="1">
              <value>
                <![CDATA[def]]>
              </value>
            </param>
          </params>
          <exception class="java.lang.AssertionError">
            <message>
              <![CDATA[expected [false] but found [true]]]>
            </message>
            <full-stacktrace>
              <![CDATA[java.lang.AssertionError: expected [false] but found [true]
at org.testng.Assert.fail(Assert.java:96)
at org.testng.Assert.failNotEquals(Assert.java:776)
at org.testng.Assert.assertFalse(Assert.java:65)
at org.testng.Assert.assertFalse(Assert.java:75)
at com.testAutomation.TestAutomation.Homepage.homePageNavigation(Homepage.java:45)
at sun.reflect.NativeMethodAccessorImpl.invoke0(Native Method)
at sun.reflect.NativeMethodAccessorImpl.invoke(NativeMethodAccessorImpl.java:62)
at sun.reflect.DelegatingMethodAccessorImpl.invoke(DelegatingMethodAccessorImpl.java:43)
at java.lang.reflect.Method.invoke(Method.java:498)
at org.testng.internal.MethodInvocationHelper.invokeMethod(MethodInvocationHelper.java:124)
at org.testng.internal.Invoker.invokeMethod(Invoker.java:583)
at org.testng.internal.Invoker.invokeTestMethod(Invoker.java:719)
at org.testng.internal.Invoker.invokeTestMethods(Invoker.java:989)
at org.testng.internal.TestMethodWorker.invokeTestMethods(TestMethodWorker.java:125)
at org.testng.internal.TestMethodWorker.run(TestMethodWorker.java:109)
at org.testng.TestRunner.privateRun(TestRunner.java:648)
at org.testng.TestRunner.run(TestRunner.java:505)
at org.testng.SuiteRunner.runTest(SuiteRunner.java:455)
at org.testng.SuiteRunner.runSequentially(SuiteRunner.java:450)
at org.testng.SuiteRunner.privateRun(SuiteRunner.java:415)
at org.testng.SuiteRunner.run(SuiteRunner.java:364)
at org.testng.SuiteRunnerWorker.runSuite(SuiteRunnerWorker.java:52)
at org.testng.SuiteRunnerWorker.run(SuiteRunnerWorker.java:84)
at org.testng.TestNG.runSuitesSequentially(TestNG.java:1208)
at org.testng.TestNG.runSuitesLocally(TestNG.java:1137)
at org.testng.TestNG.runSuites(TestNG.java:1049)
at org.testng.TestNG.run(TestNG.java:1017)
at org.testng.remote.AbstractRemoteTestNG.run(AbstractRemoteTestNG.java:114)
at org.testng.remote.RemoteTestNG.initAndRun(RemoteTestNG.java:251)
at org.testng.remote.RemoteTestNG.main(RemoteTestNG.java:77)
]]>
            </full-stacktrace>
          </exception> <!-- java.lang.AssertionError -->
          <reporter-output>
          </reporter-output>
        </test-method> <!-- homePageNavigation -->
        <test-method status="PASS" signature="terminateDriver()[pri:0, instance:com.testAutomation.TestAutomation.Homepage@459e9125]" name="terminateDriver" is-config="true" duration-ms="118" started-at="2019-03-13T07:33:58Z" finished-at="2019-03-13T07:33:58Z">
          <reporter-output>
          </reporter-output>
        </test-method> <!-- terminateDriver -->
      </class> <!-- com.testAutomation.TestAutomation.Homepage -->
    </test> <!-- HomepageTest -->
  </suite> <!-- Suite -->
</testng-results>
